<?xml version="1.0" encoding="UTF-8"?>
<!-- Generated by org.testng.reporters.JUnitReportReporter -->
<testsuite skipped="0" hostname="TVT-A-EC-729" name="MavenPro.MavenPro.NewPro" tests="1" failures="0" timestamp="23 Apr 2020 11:34:36 GMT" time="0.005" errors="0">
  <testcase name="test1" time="0.005" classname="MavenPro.MavenPro.NewPro"/>
</testsuite> <!-- MavenPro.MavenPro.NewPro -->
